<?xml version="1.0" encoding="UTF-8"?>
<!-- Generated by org.testng.reporters.JUnitReportReporter -->
<testsuite hostname="DESKTOP-5K6EUIR" failures="0" tests="1" name="Bitly_APIProject.Bitlytestcase" time="3.526" errors="0" timestamp="2021-08-06T20:00:33 IST" skipped="0">
  <testcase classname="Bitly_APIProject.Bitlytestcase" name="test_getgroupdetails" time="3.526"/>
  <system-out/>
</testsuite> <!-- Bitly_APIProject.Bitlytestcase -->
