<?xml version="1.0" encoding="UTF-8"?>
<!-- Generated by org.testng.reporters.JUnitReportReporter -->
<testsuite hostname="DESKTOP-5K6EUIR" failures="0" tests="1" name="Bitly_APIProject.BitlyPostTestCase2" time="3.422" errors="0" timestamp="2021-08-06T21:44:12 IST" skipped="0">
  <testcase classname="Bitly_APIProject.BitlyPostTestCase2" name="postlongURLtoBitlinkerror" time="3.422"/>
  <system-out/>
</testsuite> <!-- Bitly_APIProject.BitlyPostTestCase2 -->
