<?xml version="1.0" encoding="UTF-8"?>
<!-- Generated by org.testng.reporters.JUnitReportReporter -->
<testsuite hostname="DESKTOP-5K6EUIR" failures="0" tests="1" name="Bitly_APIProject.BitlyPostTestcase3File" time="5.762" errors="0" timestamp="2021-08-06T22:17:01 IST" skipped="0">
  <testcase classname="Bitly_APIProject.BitlyPostTestcase3File" name="test_PostlongURLtoBitlinksuccess" time="5.762"/>
  <system-out/>
</testsuite> <!-- Bitly_APIProject.BitlyPostTestcase3File -->
