<?xml version="1.0" encoding="UTF-8"?>
<!-- Generated by org.testng.reporters.JUnitReportReporter -->
<testsuite hostname="DESKTOP-5K6EUIR" failures="0" tests="1" name="Bitly_APIProject.Bitlytestcase2_GET_Sort" time="2.267" errors="0" timestamp="2021-08-06T19:25:00 IST" skipped="0">
  <testcase classname="Bitly_APIProject.Bitlytestcase2_GET_Sort" name="test_getsort_clicks" time="2.267"/>
  <system-out/>
</testsuite> <!-- Bitly_APIProject.Bitlytestcase2_GET_Sort -->
